<?xml version="1.0" encoding="UTF-8"?>
<!-- Generated by org.testng.reporters.JUnitReportReporter -->
<testsuite hostname="Sadans-iMac.local" failures="0" tests="1" name="myProject3.StartProjectSimpliLearn" time="3.447" errors="0" timestamp="2023-11-04T20:46:43 CDT" skipped="0">
  <testcase classname="myProject3.StartProjectSimpliLearn" name="project" time="3.447"/>
</testsuite> <!-- myProject3.StartProjectSimpliLearn -->
